Starting daily intelligence analysis - 20250727
Analyzing Krebs on Security...
Analyzing SANS ISC...
Analyzing Dark Reading...
Analyzing Microsoft Security...
Analyzing US-CERT...
Daily analysis complete - files saved to GitHub repo
Pushing to GitHub...
[main 265876a] Daily intelligence analysis - 20250727
 6 files changed, 78 insertions(+)
 create mode 100644 automation-scripts/cron.log
 create mode 100644 daily-reports/darkreading_wisdom_20250727.md
 create mode 100644 daily-reports/krebs_wisdom_20250727.md
 create mode 100644 daily-reports/uscert_questions_20250727.md
 create mode 100644 threat-analysis/microsoft_threats_20250727.md
 create mode 100644 threat-analysis/sans_threats_20250727.md
To https://github.com/saument1986/cybersecurity-intelligence.git
   3044240..265876a  main -> main
Intelligence pipeline complete - 20250727
Starting daily intelligence analysis - 20250728
Analyzing Krebs on Security...
Analyzing SANS ISC...
Analyzing Dark Reading...
Analyzing Microsoft Security...
Analyzing US-CERT...
Daily analysis complete - files saved to GitHub repo
Pushing to GitHub...
[main 1100c9e] Daily intelligence analysis - 20250728
 6 files changed, 75 insertions(+)
 create mode 100644 daily-reports/darkreading_wisdom_20250728.md
 create mode 100644 daily-reports/krebs_wisdom_20250728.md
 create mode 100644 daily-reports/uscert_questions_20250728.md
 create mode 100644 threat-analysis/microsoft_threats_20250728.md
 create mode 100644 threat-analysis/sans_threats_20250728.md
To https://github.com/saument1986/cybersecurity-intelligence.git
   6f1d162..1100c9e  main -> main
Intelligence pipeline complete - 20250728
Starting daily intelligence analysis - 20250729
Analyzing Krebs on Security...
Analyzing SANS ISC...
Analyzing Dark Reading...
Analyzing Microsoft Security...
Analyzing BleepingComputer Security...
Daily analysis complete - files saved to GitHub repo
Pushing to GitHub...
